\BOOKMARK [1][-]{section.1}{Senior Proposal}{}% 1
\BOOKMARK [2][-]{subsection.1.1}{Abstract}{section.1}% 2
\BOOKMARK [2][-]{subsection.1.2}{Statement of Problem and Significance of Research}{section.1}% 3
\BOOKMARK [2][-]{subsection.1.3}{Plan of Procedure}{section.1}% 4
\BOOKMARK [1][-]{section.2}{Resources}{}% 5
\BOOKMARK [2][-]{subsection.2.1}{Optical Magnetometry-Budker}{section.2}% 6
\BOOKMARK [2][-]{subsection.2.2}{Improving LGS through polarization switching - Fan}{section.2}% 7
\BOOKMARK [2][-]{subsection.2.3}{Improve Atmospheric Distortion Measurement - Fugate}{section.2}% 8
\BOOKMARK [2][-]{subsection.2.4}{Kilohertz Picosecond Dye Laser - Gale}{section.2}% 9
\BOOKMARK [2][-]{subsection.2.5}{Magnetic Resonant Pulsing-Kane}{section.2}% 10
\BOOKMARK [2][-]{subsection.2.6}{Physics of Sodium LGS - Kibblewhite}{section.2}% 11
\BOOKMARK [2][-]{subsection.2.7}{Optimization of Pulsed LGS - Rampy}{section.2}% 12
\BOOKMARK [2][-]{subsection.2.8}{Optimization of CW LGS - Holzlohner \(Rampy\)}{section.2}% 13
\BOOKMARK [2][-]{subsection.2.9}{Modular Reconfigurable Dye Laser of Undergrad Lab - AJP}{section.2}% 14
\BOOKMARK [2][-]{subsection.2.10}{W.M. Keck Observatory AO System}{section.2}% 15
\BOOKMARK [2][-]{subsection.2.11}{Continuously Tunable Picosecond Dye Laser}{section.2}% 16
\BOOKMARK [1][-]{section.3}{Citations}{}% 17
\BOOKMARK [2][-]{subsection.3.1}{Brackman, LambdaChrome}{section.3}% 18
\BOOKMARK [2][-]{subsection.3.2}{Budker, Optical Magnetometry}{section.3}% 19
\BOOKMARK [2][-]{subsection.3.3}{Fan, Improving LGS through Polarization Switching}{section.3}% 20
\BOOKMARK [2][-]{subsection.3.4}{Fugate, Measuring Wavefront Distortion}{section.3}% 21
\BOOKMARK [2][-]{subsection.3.5}{Gale, Kilohertz Picosecond Dye Laser}{section.3}% 22
\BOOKMARK [2][-]{subsection.3.6}{Kane, Pulsed Laser Architecture}{section.3}% 23
\BOOKMARK [2][-]{subsection.3.7}{Kibblewhite, Physics of LGS}{section.3}% 24
\BOOKMARK [2][-]{subsection.3.8}{Rampy, Toward Optimization of pulsed LGS}{section.3}% 25
\BOOKMARK [2][-]{subsection.3.9}{Holzlohner, Optimization of CW LGS}{section.3}% 26
\BOOKMARK [2][-]{subsection.3.10}{Sohl \(AJP\), Modular Reconfigurable Pulsed Dye Laser}{section.3}% 27
\BOOKMARK [2][-]{subsection.3.11}{Watanable, Advancement in Adaptive Optics}{section.3}% 28
\BOOKMARK [2][-]{subsection.3.12}{Wizinowich, W.M. Keck Observatory System}{section.3}% 29
